<?xml version="1.0" encoding="UTF-8"?>
<!-- Generated by org.testng.reporters.JUnitReportReporter -->
<testsuite hostname="DESKTOP-VRF84E6" failures="0" tests="3" name="tests.UserIsSet.UserIsSetTest" time="4.266" errors="0" timestamp="2024-02-25T14:52:13 GMT+07:00" skipped="0">
  <testcase classname="tests.UserIsSet.UserIsSetTest" name="openBankPageAndCreateUser" time="3.877"/>
  <system-out/>
  <testcase classname="tests.UserIsSet.UserIsSetTest" name="sortCustomersByFirstName" time="0.174"/>
  <system-out/>
  <testcase classname="tests.UserIsSet.UserIsSetTest" name="deleteUserFromTable" time="0.215"/>
  <system-out/>
</testsuite> <!-- tests.UserIsSet.UserIsSetTest -->
