<?xml version="1.0" encoding="UTF-8"?>
<!-- Generated by org.testng.reporters.JUnitReportReporter -->
<testsuite hostname="DESKTOP-VRF84E6" failures="0" tests="3" name="tests.UserIsSet.UserIsSetTest" time="9.822" errors="0" timestamp="2024-02-27T00:59:23 GMT+07:00" skipped="0">
  <testcase classname="tests.UserIsSet.UserIsSetTest" name="sortCustomersByFirstName" time="0.811"/>
  <system-out/>
  <testcase classname="tests.UserIsSet.UserIsSetTest" name="deleteUserFromTable" time="5.311"/>
  <system-out/>
  <testcase classname="tests.UserIsSet.UserIsSetTest" name="openBankPageAndCreateUser" time="3.700"/>
  <system-out/>
</testsuite> <!-- tests.UserIsSet.UserIsSetTest -->
