<?xml version="1.0" encoding="UTF-8"?>
<!-- Generated by org.testng.reporters.JUnitReportReporter -->
<testsuite hostname="DESKTOP-VRF84E6" failures="0" tests="3" name="tests.UserIsSet.UserIsSetTest" time="5.064" errors="0" timestamp="2024-02-25T17:05:52 GMT+07:00" skipped="0">
  <testcase classname="tests.UserIsSet.UserIsSetTest" name="openBankPageAndCreateUser" time="4.694"/>
  <system-out/>
  <testcase classname="tests.UserIsSet.UserIsSetTest" name="sortCustomersByFirstName" time="0.158"/>
  <system-out/>
  <testcase classname="tests.UserIsSet.UserIsSetTest" name="deleteUserFromTable" time="0.212"/>
  <system-out/>
</testsuite> <!-- tests.UserIsSet.UserIsSetTest -->
